INFO:root:Downloading book: A Modest Proposal
INFO:root:Donwloaded book http://www.gutenberg.org/files/1080/1080-0.txt
INFO:root:Downloading book: Gulliver's Travels
INFO:root:Donwloaded book https://www.gutenberg.org/cache/epub/17157/pg17157.txt
INFO:root:Downloading book: A Modest Proposal
INFO:root:Donwloaded book http://www.gutenberg.org/files/1080/1080-0.txt
INFO:root:Downloading book: Gulliver's Travels
INFO:root:Donwloaded book https://www.gutenberg.org/cache/epub/17157/pg17157.txt
INFO:root:Downloading book: A Modest Proposal
INFO:root:Donwloaded book http://www.gutenberg.org/files/1080/1080-0.txt
INFO:root:Downloading book: Gulliver's Travels
INFO:root:Donwloaded book https://www.gutenberg.org/cache/epub/17157/pg17157.txt
INFO:root:Downloading book: A Modest Proposal
INFO:root:Donwloaded book http://www.gutenberg.org/files/1080/1080-0.txt
INFO:root:Downloading book: Gulliver's Travels
INFO:root:Donwloaded book https://www.gutenberg.org/cache/epub/17157/pg17157.txt
INFO:root:Downloading book: A Modest Proposal
INFO:root:Donwloaded book http://www.gutenberg.org/files/1080/1080-0.txt
INFO:root:Downloading book: Gulliver's Travels
INFO:root:Donwloaded book https://www.gutenberg.org/cache/epub/17157/pg17157.txt
INFO:root:Downloading book: A Modest Proposal
INFO:root:Donwloaded book http://www.gutenberg.org/files/1080/1080-0.txt
INFO:root:Downloading book: Gulliver's Travels
INFO:root:Donwloaded book https://www.gutenberg.org/cache/epub/17157/pg17157.txt
INFO:root:Downloading book: A Modest Proposal
INFO:root:Donwloaded book http://www.gutenberg.org/files/1080/1080-0.txt
INFO:root:Downloading book: Gulliver's Travels
INFO:root:Donwloaded book https://www.gutenberg.org/cache/epub/17157/pg17157.txt
INFO:root:Downloading book: A Modest Proposal
INFO:root:Donwloaded book http://www.gutenberg.org/files/1080/1080-0.txt
INFO:root:Downloading book: Gulliver's Travels
INFO:root:Donwloaded book https://www.gutenberg.org/cache/epub/17157/pg17157.txt
INFO:root:Downloading book: A Modest Proposal
INFO:root:Donwloaded book http://www.gutenberg.org/files/1080/1080-0.txt
INFO:root:Downloading book: Gulliver's Travels
INFO:root:Donwloaded book https://www.gutenberg.org/cache/epub/17157/pg17157.txt
INFO:root:Downloading book: A Modest Proposal
INFO:root:Donwloaded book http://www.gutenberg.org/files/1080/1080-0.txt
INFO:root:Downloading book: Gulliver's Travels
INFO:root:Donwloaded book https://www.gutenberg.org/cache/epub/17157/pg17157.txt
INFO:root:Downloading book: A Modest Proposal
INFO:root:Donwloaded book http://www.gutenberg.org/files/1080/1080-0.txt
INFO:root:Downloading book: Gulliver's Travels
INFO:root:Donwloaded book https://www.gutenberg.org/cache/epub/17157/pg17157.txt
INFO:root:Downloading book: A Modest Proposal
INFO:root:Donwloaded book http://www.gutenberg.org/files/1080/1080-0.txt
INFO:root:Downloading book: Gulliver's Travels
INFO:root:Donwloaded book https://www.gutenberg.org/cache/epub/17157/pg17157.txt
INFO:root:Donwloaded book http://www.gutenberg.org/files/1080/1080-0.txt
INFO:root:Donwloaded book https://www.gutenberg.org/cache/epub/17157/pg17157.txt
INFO:root:Donwloaded book https://www.gutenberg.org/files/4737/4737-0.txt
INFO:root:Donwloaded book https://www.gutenberg.org/files/4738/4738-0.txt
INFO:root:Donwloaded book https://www.gutenberg.org/cache/epub/1090/pg1090.txt
INFO:root:Donwloaded book http://www.gutenberg.org/files/1080/1080-0.txt
INFO:root:Donwloaded book https://www.gutenberg.org/cache/epub/17157/pg17157.txt
INFO:root:Donwloaded book https://www.gutenberg.org/files/4737/4737-0.txt
INFO:root:Donwloaded book https://www.gutenberg.org/files/4738/4738-0.txt
INFO:root:Donwloaded book https://www.gutenberg.org/cache/epub/1090/pg1090.txt
INFO:root:Donwloaded book http://www.gutenberg.org/files/1080/1080-0.txt
INFO:root:Donwloaded book https://www.gutenberg.org/cache/epub/17157/pg17157.txt
INFO:root:Donwloaded book https://www.gutenberg.org/files/4737/4737-0.txt
INFO:root:Donwloaded book https://www.gutenberg.org/files/4738/4738-0.txt
INFO:root:Donwloaded book https://www.gutenberg.org/cache/epub/1090/pg1090.txt
INFO:root:Donwloaded book http://www.gutenberg.org/files/1080/1080-0.txt
INFO:root:Donwloaded book https://www.gutenberg.org/cache/epub/17157/pg17157.txt
INFO:root:Donwloaded book https://www.gutenberg.org/files/4737/4737-0.txt
INFO:root:Donwloaded book https://www.gutenberg.org/files/4738/4738-0.txt
INFO:root:Donwloaded book https://www.gutenberg.org/cache/epub/1090/pg1090.txt
INFO:root:Donwloaded book http://www.gutenberg.org/files/1080/1080-0.txt
INFO:root:Donwloaded book https://www.gutenberg.org/cache/epub/17157/pg17157.txt
INFO:root:Donwloaded book https://www.gutenberg.org/files/4737/4737-0.txt
INFO:root:Donwloaded book https://www.gutenberg.org/files/4738/4738-0.txt
INFO:root:Donwloaded book https://www.gutenberg.org/cache/epub/1090/pg1090.txt
INFO:root:Donwloaded book http://www.gutenberg.org/files/1080/1080-0.txt
INFO:root:Donwloaded book https://www.gutenberg.org/cache/epub/17157/pg17157.txt
INFO:root:Donwloaded book https://www.gutenberg.org/files/4737/4737-0.txt
INFO:root:Donwloaded book https://www.gutenberg.org/files/4738/4738-0.txt
INFO:root:Donwloaded book https://www.gutenberg.org/cache/epub/1090/pg1090.txt
INFO:root:Donwloaded book http://www.gutenberg.org/files/1080/1080-0.txt
INFO:root:Donwloaded book https://www.gutenberg.org/cache/epub/17157/pg17157.txt
INFO:root:Donwloaded book https://www.gutenberg.org/files/4737/4737-0.txt
INFO:root:Donwloaded book https://www.gutenberg.org/files/4738/4738-0.txt
INFO:root:Donwloaded book https://www.gutenberg.org/cache/epub/1090/pg1090.txt
INFO:root:Donwloaded book http://www.gutenberg.org/files/1080/1080-0.txt
INFO:root:Donwloaded book https://www.gutenberg.org/cache/epub/17157/pg17157.txt
INFO:root:Donwloaded book https://www.gutenberg.org/files/4737/4737-0.txt
INFO:root:Donwloaded book https://www.gutenberg.org/files/4738/4738-0.txt
INFO:root:Donwloaded book https://www.gutenberg.org/cache/epub/1090/pg1090.txt
INFO:root:Donwloaded book https://www.gutenberg.org/files/61193/61193-0.txt
INFO:root:Donwloaded book https://www.gutenberg.org/files/588/588-0.txt
INFO:root:Donwloaded book https://www.gutenberg.org/files/924/924-0.txt
INFO:root:Donwloaded book https://www.gutenberg.org/files/653/653-0.txt
INFO:root:Donwloaded book https://www.gutenberg.org/cache/epub/1415/pg1415.txt
INFO:root:Donwloaded book https://www.gutenberg.org/cache/epub/41/pg41.txt
INFO:root:Donwloaded book https://www.gutenberg.org/files/60976/60976-0.txt
INFO:root:Donwloaded book https://www.gutenberg.org/files/2048/2048-0.txt
INFO:root:Donwloaded book https://www.gutenberg.org/files/49947/49947-0.txt
INFO:root:Donwloaded book https://www.gutenberg.org/files/52361/52361-0.txt
INFO:root:Donwloaded book http://www.gutenberg.org/files/1080/1080-0.txt
INFO:root:Donwloaded book https://www.gutenberg.org/cache/epub/17157/pg17157.txt
INFO:root:Donwloaded book https://www.gutenberg.org/files/4737/4737-0.txt
INFO:root:Donwloaded book https://www.gutenberg.org/files/4738/4738-0.txt
INFO:root:Donwloaded book https://www.gutenberg.org/cache/epub/1090/pg1090.txt
INFO:root:Donwloaded book https://www.gutenberg.org/files/61193/61193-0.txt
INFO:root:Donwloaded book https://www.gutenberg.org/files/588/588-0.txt
INFO:root:Donwloaded book https://www.gutenberg.org/files/924/924-0.txt
INFO:root:Donwloaded book https://www.gutenberg.org/files/653/653-0.txt
INFO:root:Donwloaded book https://www.gutenberg.org/cache/epub/1415/pg1415.txt
INFO:root:Donwloaded book https://www.gutenberg.org/cache/epub/41/pg41.txt
INFO:root:Donwloaded book https://www.gutenberg.org/files/60976/60976-0.txt
INFO:root:Donwloaded book https://www.gutenberg.org/files/2048/2048-0.txt
INFO:root:Donwloaded book https://www.gutenberg.org/files/49947/49947-0.txt
INFO:root:Donwloaded book https://www.gutenberg.org/files/52361/52361-0.txt
INFO:root:Donwloaded book https://www.gutenberg.org/files/74/74-0.txt
INFO:root:Donwloaded book https://www.gutenberg.org/files/76/76-0.txt
INFO:root:Donwloaded book https://www.gutenberg.org/files/1837/1837-0.txt
INFO:root:Donwloaded book https://www.gutenberg.org/cache/epub/86/pg86.txt
INFO:root:Donwloaded book https://www.gutenberg.org/files/3186/3186-0.txt
INFO:root:Donwloaded book https://www.gutenberg.org/cache/epub/174/pg174.txt
INFO:root:Donwloaded book https://www.gutenberg.org/files/844/844-0.txt
INFO:root:Donwloaded book https://www.gutenberg.org/cache/epub/902/pg902.txt
INFO:root:Donwloaded book https://www.gutenberg.org/cache/epub/14522/pg14522.txt
INFO:root:Donwloaded book https://www.gutenberg.org/files/885/885-0.txt
INFO:root:Donwloaded book http://www.gutenberg.org/files/1080/1080-0.txt
INFO:root:Donwloaded book https://www.gutenberg.org/cache/epub/17157/pg17157.txt
INFO:root:Donwloaded book https://www.gutenberg.org/files/4737/4737-0.txt
INFO:root:Donwloaded book https://www.gutenberg.org/files/4738/4738-0.txt
INFO:root:Donwloaded book https://www.gutenberg.org/cache/epub/1090/pg1090.txt
INFO:root:Donwloaded book https://www.gutenberg.org/files/61193/61193-0.txt
INFO:root:Donwloaded book https://www.gutenberg.org/files/588/588-0.txt
INFO:root:Donwloaded book https://www.gutenberg.org/files/924/924-0.txt
INFO:root:Donwloaded book https://www.gutenberg.org/files/653/653-0.txt
INFO:root:Donwloaded book https://www.gutenberg.org/cache/epub/1415/pg1415.txt
INFO:root:Donwloaded book https://www.gutenberg.org/cache/epub/41/pg41.txt
INFO:root:Donwloaded book https://www.gutenberg.org/files/60976/60976-0.txt
INFO:root:Donwloaded book https://www.gutenberg.org/files/2048/2048-0.txt
INFO:root:Donwloaded book https://www.gutenberg.org/files/49947/49947-0.txt
INFO:root:Donwloaded book https://www.gutenberg.org/files/52361/52361-0.txt
INFO:root:Donwloaded book https://www.gutenberg.org/files/74/74-0.txt
INFO:root:Donwloaded book https://www.gutenberg.org/files/76/76-0.txt
INFO:root:Donwloaded book https://www.gutenberg.org/files/1837/1837-0.txt
INFO:root:Donwloaded book https://www.gutenberg.org/cache/epub/86/pg86.txt
INFO:root:Donwloaded book https://www.gutenberg.org/files/3186/3186-0.txt
INFO:root:Donwloaded book https://www.gutenberg.org/cache/epub/174/pg174.txt
INFO:root:Donwloaded book https://www.gutenberg.org/files/844/844-0.txt
INFO:root:Donwloaded book https://www.gutenberg.org/cache/epub/902/pg902.txt
INFO:root:Donwloaded book https://www.gutenberg.org/cache/epub/14522/pg14522.txt
INFO:root:Donwloaded book https://www.gutenberg.org/files/885/885-0.txt
INFO:root:Donwloaded book http://www.gutenberg.org/files/1080/1080-0.txt
INFO:root:Donwloaded book https://www.gutenberg.org/cache/epub/17157/pg17157.txt
INFO:root:Donwloaded book https://www.gutenberg.org/files/4737/4737-0.txt
INFO:root:Donwloaded book https://www.gutenberg.org/files/4738/4738-0.txt
INFO:root:Donwloaded book https://www.gutenberg.org/cache/epub/1090/pg1090.txt
INFO:root:Donwloaded book https://www.gutenberg.org/cache/epub/623/pg623.txt
INFO:root:Donwloaded book https://www.gutenberg.org/files/4208/4208-0.txt
INFO:root:Donwloaded book https://www.gutenberg.org/cache/epub/13040/pg13040.txt
INFO:root:Donwloaded book https://www.gutenberg.org/files/60186/60186-0.txt
INFO:root:Donwloaded book https://www.gutenberg.org/files/61193/61193-0.txt
INFO:root:Donwloaded book https://www.gutenberg.org/files/588/588-0.txt
INFO:root:Donwloaded book https://www.gutenberg.org/files/924/924-0.txt
INFO:root:Donwloaded book https://www.gutenberg.org/files/653/653-0.txt
INFO:root:Donwloaded book https://www.gutenberg.org/cache/epub/1415/pg1415.txt
INFO:root:Donwloaded book https://www.gutenberg.org/files/766/766-0.txt
INFO:root:Donwloaded book https://www.gutenberg.org/files/883/883-0.txt
INFO:root:Donwloaded book https://www.gutenberg.org/cache/epub/1023/pg1023.txt
INFO:root:Donwloaded book https://www.gutenberg.org/cache/epub/19337/pg19337.txt
INFO:root:Donwloaded book https://www.gutenberg.org/files/675/675-0.txt
INFO:root:Donwloaded book https://www.gutenberg.org/cache/epub/41/pg41.txt
INFO:root:Donwloaded book https://www.gutenberg.org/files/60976/60976-0.txt
INFO:root:Donwloaded book https://www.gutenberg.org/files/2048/2048-0.txt
INFO:root:Donwloaded book https://www.gutenberg.org/files/49947/49947-0.txt
INFO:root:Donwloaded book https://www.gutenberg.org/files/52361/52361-0.txt
INFO:root:Donwloaded book https://www.gutenberg.org/cache/epub/13515/pg13515.txt
INFO:root:Donwloaded book https://www.gutenberg.org/files/3293/3293-0.txt
INFO:root:Donwloaded book https://www.gutenberg.org/files/1371/1371-0.txt
INFO:root:Donwloaded book https://www.gutenberg.org/files/13514/13514-0.txt
INFO:root:Donwloaded book https://www.gutenberg.org/cache/epub/8519/pg8519.txt
INFO:root:Donwloaded book https://www.gutenberg.org/files/74/74-0.txt
INFO:root:Donwloaded book https://www.gutenberg.org/files/76/76-0.txt
INFO:root:Donwloaded book https://www.gutenberg.org/files/1837/1837-0.txt
INFO:root:Donwloaded book https://www.gutenberg.org/cache/epub/86/pg86.txt
INFO:root:Donwloaded book https://www.gutenberg.org/files/3186/3186-0.txt
INFO:root:Donwloaded book https://www.gutenberg.org/files/3176/3176-0.txt
INFO:root:Donwloaded book https://www.gutenberg.org/files/245/245-0.txt
INFO:root:Donwloaded book https://www.gutenberg.org/cache/epub/3177/pg3177.txt
INFO:root:Donwloaded book https://www.gutenberg.org/files/3186/3186-0.txt
INFO:root:Donwloaded book https://www.gutenberg.org/files/102/102-0.txt
INFO:root:Donwloaded book https://www.gutenberg.org/cache/epub/174/pg174.txt
INFO:root:Donwloaded book https://www.gutenberg.org/files/844/844-0.txt
INFO:root:Donwloaded book https://www.gutenberg.org/cache/epub/902/pg902.txt
INFO:root:Donwloaded book https://www.gutenberg.org/cache/epub/14522/pg14522.txt
INFO:root:Donwloaded book https://www.gutenberg.org/files/885/885-0.txt
INFO:root:Donwloaded book https://www.gutenberg.org/cache/epub/921/pg921.txt
INFO:root:Donwloaded book https://www.gutenberg.org/ebooks/42704
INFO:root:Donwloaded book https://www.gutenberg.org/files/790/790-0.txt
INFO:root:Donwloaded book https://www.gutenberg.org/files/854/854-0.txt
INFO:root:Donwloaded book https://www.gutenberg.org/files/873/873-0.txt
INFO:root:Donwloaded book http://www.gutenberg.org/files/1080/1080-0.txt
INFO:root:Donwloaded book https://www.gutenberg.org/cache/epub/17157/pg17157.txt
INFO:root:Donwloaded book https://www.gutenberg.org/files/4737/4737-0.txt
INFO:root:Donwloaded book https://www.gutenberg.org/files/4738/4738-0.txt
INFO:root:Donwloaded book https://www.gutenberg.org/cache/epub/1090/pg1090.txt
INFO:root:Donwloaded book https://www.gutenberg.org/cache/epub/623/pg623.txt
INFO:root:Donwloaded book https://www.gutenberg.org/files/4208/4208-0.txt
INFO:root:Donwloaded book https://www.gutenberg.org/cache/epub/13040/pg13040.txt
INFO:root:Donwloaded book https://www.gutenberg.org/files/60186/60186-0.txt
INFO:root:Donwloaded book https://www.gutenberg.org/files/61193/61193-0.txt
INFO:root:Donwloaded book https://www.gutenberg.org/files/588/588-0.txt
INFO:root:Donwloaded book https://www.gutenberg.org/files/924/924-0.txt
INFO:root:Donwloaded book https://www.gutenberg.org/files/653/653-0.txt
INFO:root:Donwloaded book https://www.gutenberg.org/cache/epub/1415/pg1415.txt
INFO:root:Donwloaded book https://www.gutenberg.org/files/766/766-0.txt
INFO:root:Donwloaded book https://www.gutenberg.org/files/883/883-0.txt
INFO:root:Donwloaded book https://www.gutenberg.org/cache/epub/1023/pg1023.txt
INFO:root:Donwloaded book https://www.gutenberg.org/cache/epub/19337/pg19337.txt
INFO:root:Donwloaded book https://www.gutenberg.org/files/675/675-0.txt
INFO:root:Donwloaded book https://www.gutenberg.org/cache/epub/41/pg41.txt
INFO:root:Donwloaded book https://www.gutenberg.org/files/60976/60976-0.txt
INFO:root:Donwloaded book https://www.gutenberg.org/files/2048/2048-0.txt
INFO:root:Donwloaded book https://www.gutenberg.org/files/49947/49947-0.txt
INFO:root:Donwloaded book https://www.gutenberg.org/files/52361/52361-0.txt
INFO:root:Donwloaded book https://www.gutenberg.org/cache/epub/13515/pg13515.txt
INFO:root:Donwloaded book https://www.gutenberg.org/files/3293/3293-0.txt
INFO:root:Donwloaded book https://www.gutenberg.org/files/1371/1371-0.txt
INFO:root:Donwloaded book https://www.gutenberg.org/files/13514/13514-0.txt
INFO:root:Donwloaded book https://www.gutenberg.org/cache/epub/8519/pg8519.txt
INFO:root:Donwloaded book https://www.gutenberg.org/files/74/74-0.txt
INFO:root:Donwloaded book https://www.gutenberg.org/files/76/76-0.txt
INFO:root:Donwloaded book https://www.gutenberg.org/files/1837/1837-0.txt
INFO:root:Donwloaded book https://www.gutenberg.org/cache/epub/86/pg86.txt
INFO:root:Donwloaded book https://www.gutenberg.org/files/3186/3186-0.txt
INFO:root:Donwloaded book https://www.gutenberg.org/files/3176/3176-0.txt
INFO:root:Donwloaded book https://www.gutenberg.org/files/245/245-0.txt
INFO:root:Donwloaded book https://www.gutenberg.org/cache/epub/3177/pg3177.txt
INFO:root:Donwloaded book https://www.gutenberg.org/files/3186/3186-0.txt
INFO:root:Donwloaded book https://www.gutenberg.org/files/102/102-0.txt
INFO:root:Donwloaded book https://www.gutenberg.org/cache/epub/174/pg174.txt
INFO:root:Donwloaded book https://www.gutenberg.org/files/844/844-0.txt
INFO:root:Donwloaded book https://www.gutenberg.org/cache/epub/902/pg902.txt
INFO:root:Donwloaded book https://www.gutenberg.org/cache/epub/14522/pg14522.txt
INFO:root:Donwloaded book https://www.gutenberg.org/files/885/885-0.txt
INFO:root:Donwloaded book https://www.gutenberg.org/cache/epub/921/pg921.txt
INFO:root:Donwloaded book https://www.gutenberg.org/ebooks/42704
INFO:root:Donwloaded book https://www.gutenberg.org/files/790/790-0.txt
INFO:root:Donwloaded book https://www.gutenberg.org/files/854/854-0.txt
INFO:root:Donwloaded book https://www.gutenberg.org/files/873/873-0.txt
INFO:root:Donwloaded book http://www.gutenberg.org/files/1080/1080-0.txt
INFO:root:Donwloaded book https://www.gutenberg.org/cache/epub/17157/pg17157.txt
INFO:root:Donwloaded book https://www.gutenberg.org/files/4737/4737-0.txt
INFO:root:Donwloaded book https://www.gutenberg.org/files/4738/4738-0.txt
INFO:root:Donwloaded book https://www.gutenberg.org/cache/epub/1090/pg1090.txt
INFO:root:Donwloaded book https://www.gutenberg.org/cache/epub/623/pg623.txt
INFO:root:Donwloaded book https://www.gutenberg.org/files/4208/4208-0.txt
INFO:root:Donwloaded book https://www.gutenberg.org/cache/epub/13040/pg13040.txt
INFO:root:Donwloaded book https://www.gutenberg.org/files/60186/60186-0.txt
INFO:root:Donwloaded book https://www.gutenberg.org/files/61193/61193-0.txt
INFO:root:Donwloaded book https://www.gutenberg.org/files/588/588-0.txt
INFO:root:Donwloaded book https://www.gutenberg.org/files/924/924-0.txt
INFO:root:Donwloaded book https://www.gutenberg.org/files/653/653-0.txt
INFO:root:Donwloaded book https://www.gutenberg.org/cache/epub/1415/pg1415.txt
INFO:root:Donwloaded book https://www.gutenberg.org/files/766/766-0.txt
INFO:root:Donwloaded book https://www.gutenberg.org/files/883/883-0.txt
INFO:root:Donwloaded book https://www.gutenberg.org/cache/epub/1023/pg1023.txt
INFO:root:Donwloaded book https://www.gutenberg.org/cache/epub/19337/pg19337.txt
INFO:root:Donwloaded book https://www.gutenberg.org/files/675/675-0.txt
INFO:root:Donwloaded book https://www.gutenberg.org/cache/epub/41/pg41.txt
INFO:root:Donwloaded book https://www.gutenberg.org/files/60976/60976-0.txt
INFO:root:Donwloaded book https://www.gutenberg.org/files/2048/2048-0.txt
INFO:root:Donwloaded book https://www.gutenberg.org/files/49947/49947-0.txt
INFO:root:Donwloaded book https://www.gutenberg.org/files/52361/52361-0.txt
INFO:root:Donwloaded book https://www.gutenberg.org/cache/epub/13515/pg13515.txt
INFO:root:Donwloaded book https://www.gutenberg.org/files/3293/3293-0.txt
INFO:root:Donwloaded book https://www.gutenberg.org/files/1371/1371-0.txt
INFO:root:Donwloaded book https://www.gutenberg.org/files/13514/13514-0.txt
INFO:root:Donwloaded book https://www.gutenberg.org/cache/epub/8519/pg8519.txt
INFO:root:Donwloaded book https://www.gutenberg.org/files/74/74-0.txt
INFO:root:Donwloaded book https://www.gutenberg.org/files/76/76-0.txt
INFO:root:Donwloaded book https://www.gutenberg.org/files/1837/1837-0.txt
INFO:root:Donwloaded book https://www.gutenberg.org/cache/epub/86/pg86.txt
INFO:root:Donwloaded book https://www.gutenberg.org/files/3186/3186-0.txt
INFO:root:Donwloaded book https://www.gutenberg.org/files/3176/3176-0.txt
INFO:root:Donwloaded book https://www.gutenberg.org/files/245/245-0.txt
INFO:root:Donwloaded book https://www.gutenberg.org/cache/epub/3177/pg3177.txt
INFO:root:Donwloaded book https://www.gutenberg.org/files/3186/3186-0.txt
INFO:root:Donwloaded book https://www.gutenberg.org/files/102/102-0.txt
INFO:root:Donwloaded book https://www.gutenberg.org/cache/epub/174/pg174.txt
INFO:root:Donwloaded book https://www.gutenberg.org/files/844/844-0.txt
INFO:root:Donwloaded book https://www.gutenberg.org/cache/epub/902/pg902.txt
INFO:root:Donwloaded book https://www.gutenberg.org/cache/epub/14522/pg14522.txt
INFO:root:Donwloaded book https://www.gutenberg.org/files/885/885-0.txt
INFO:root:Donwloaded book https://www.gutenberg.org/cache/epub/921/pg921.txt
INFO:root:Donwloaded book https://www.gutenberg.org/ebooks/42704
INFO:root:Donwloaded book https://www.gutenberg.org/files/790/790-0.txt
INFO:root:Donwloaded book https://www.gutenberg.org/files/854/854-0.txt
INFO:root:Donwloaded book https://www.gutenberg.org/files/873/873-0.txt
INFO:root:Donwloaded book http://www.gutenberg.org/files/1080/1080-0.txt
INFO:root:Donwloaded book https://www.gutenberg.org/cache/epub/17157/pg17157.txt
INFO:root:Donwloaded book https://www.gutenberg.org/files/4737/4737-0.txt
INFO:root:Donwloaded book https://www.gutenberg.org/files/4738/4738-0.txt
INFO:root:Donwloaded book https://www.gutenberg.org/cache/epub/1090/pg1090.txt
INFO:root:Donwloaded book https://www.gutenberg.org/cache/epub/623/pg623.txt
INFO:root:Donwloaded book https://www.gutenberg.org/files/4208/4208-0.txt
INFO:root:Donwloaded book https://www.gutenberg.org/cache/epub/13040/pg13040.txt
INFO:root:Donwloaded book https://www.gutenberg.org/files/60186/60186-0.txt
INFO:root:Donwloaded book https://www.gutenberg.org/files/61193/61193-0.txt
INFO:root:Donwloaded book https://www.gutenberg.org/files/588/588-0.txt
INFO:root:Donwloaded book https://www.gutenberg.org/files/924/924-0.txt
INFO:root:Donwloaded book https://www.gutenberg.org/files/653/653-0.txt
INFO:root:Donwloaded book https://www.gutenberg.org/cache/epub/1415/pg1415.txt
INFO:root:Donwloaded book https://www.gutenberg.org/files/766/766-0.txt
INFO:root:Donwloaded book https://www.gutenberg.org/files/883/883-0.txt
INFO:root:Donwloaded book https://www.gutenberg.org/cache/epub/1023/pg1023.txt
INFO:root:Donwloaded book https://www.gutenberg.org/cache/epub/19337/pg19337.txt
INFO:root:Donwloaded book https://www.gutenberg.org/files/675/675-0.txt
INFO:root:Donwloaded book https://www.gutenberg.org/cache/epub/41/pg41.txt
INFO:root:Donwloaded book https://www.gutenberg.org/files/60976/60976-0.txt
INFO:root:Donwloaded book https://www.gutenberg.org/files/2048/2048-0.txt
INFO:root:Donwloaded book https://www.gutenberg.org/files/49947/49947-0.txt
INFO:root:Donwloaded book https://www.gutenberg.org/files/52361/52361-0.txt
INFO:root:Donwloaded book https://www.gutenberg.org/cache/epub/13515/pg13515.txt
INFO:root:Donwloaded book https://www.gutenberg.org/files/3293/3293-0.txt
INFO:root:Donwloaded book https://www.gutenberg.org/files/1371/1371-0.txt
INFO:root:Donwloaded book https://www.gutenberg.org/files/13514/13514-0.txt
INFO:root:Donwloaded book https://www.gutenberg.org/cache/epub/8519/pg8519.txt
INFO:root:Donwloaded book https://www.gutenberg.org/files/74/74-0.txt
INFO:root:Donwloaded book https://www.gutenberg.org/files/76/76-0.txt
INFO:root:Donwloaded book https://www.gutenberg.org/files/1837/1837-0.txt
INFO:root:Donwloaded book https://www.gutenberg.org/cache/epub/86/pg86.txt
INFO:root:Donwloaded book https://www.gutenberg.org/files/3186/3186-0.txt
INFO:root:Donwloaded book https://www.gutenberg.org/files/3176/3176-0.txt
INFO:root:Donwloaded book https://www.gutenberg.org/files/245/245-0.txt
INFO:root:Donwloaded book https://www.gutenberg.org/cache/epub/3177/pg3177.txt
INFO:root:Donwloaded book https://www.gutenberg.org/files/3186/3186-0.txt
INFO:root:Donwloaded book https://www.gutenberg.org/files/102/102-0.txt
INFO:root:Donwloaded book https://www.gutenberg.org/cache/epub/174/pg174.txt
INFO:root:Donwloaded book https://www.gutenberg.org/files/844/844-0.txt
INFO:root:Donwloaded book https://www.gutenberg.org/cache/epub/902/pg902.txt
INFO:root:Donwloaded book https://www.gutenberg.org/cache/epub/14522/pg14522.txt
INFO:root:Donwloaded book https://www.gutenberg.org/files/885/885-0.txt
INFO:root:Donwloaded book https://www.gutenberg.org/cache/epub/921/pg921.txt
ERROR:root:Failed to download book https://www.gutenberg.org/ebooks/42704.txt with error Not Found
INFO:root:Donwloaded book https://www.gutenberg.org/files/790/790-0.txt
INFO:root:Donwloaded book https://www.gutenberg.org/files/854/854-0.txt
INFO:root:Donwloaded book https://www.gutenberg.org/files/873/873-0.txt
INFO:root:Donwloaded book http://www.gutenberg.org/files/1080/1080-0.txt
INFO:root:Donwloaded book https://www.gutenberg.org/cache/epub/17157/pg17157.txt
INFO:root:Donwloaded book https://www.gutenberg.org/files/4737/4737-0.txt
INFO:root:Donwloaded book https://www.gutenberg.org/files/4738/4738-0.txt
INFO:root:Donwloaded book https://www.gutenberg.org/cache/epub/1090/pg1090.txt
INFO:root:Donwloaded book https://www.gutenberg.org/cache/epub/623/pg623.txt
INFO:root:Donwloaded book https://www.gutenberg.org/files/4208/4208-0.txt
INFO:root:Donwloaded book https://www.gutenberg.org/cache/epub/13040/pg13040.txt
INFO:root:Donwloaded book https://www.gutenberg.org/files/60186/60186-0.txt
INFO:root:Donwloaded book https://www.gutenberg.org/files/61193/61193-0.txt
INFO:root:Donwloaded book https://www.gutenberg.org/files/588/588-0.txt
INFO:root:Donwloaded book https://www.gutenberg.org/files/924/924-0.txt
INFO:root:Donwloaded book https://www.gutenberg.org/files/653/653-0.txt
INFO:root:Donwloaded book https://www.gutenberg.org/cache/epub/1415/pg1415.txt
INFO:root:Donwloaded book https://www.gutenberg.org/files/766/766-0.txt
INFO:root:Donwloaded book https://www.gutenberg.org/files/883/883-0.txt
INFO:root:Donwloaded book https://www.gutenberg.org/cache/epub/1023/pg1023.txt
INFO:root:Donwloaded book https://www.gutenberg.org/cache/epub/19337/pg19337.txt
INFO:root:Donwloaded book https://www.gutenberg.org/files/675/675-0.txt
INFO:root:Donwloaded book https://www.gutenberg.org/cache/epub/41/pg41.txt
INFO:root:Donwloaded book https://www.gutenberg.org/files/60976/60976-0.txt
INFO:root:Donwloaded book https://www.gutenberg.org/files/2048/2048-0.txt
INFO:root:Donwloaded book https://www.gutenberg.org/files/49947/49947-0.txt
INFO:root:Donwloaded book https://www.gutenberg.org/files/52361/52361-0.txt
INFO:root:Donwloaded book https://www.gutenberg.org/cache/epub/13515/pg13515.txt
INFO:root:Donwloaded book https://www.gutenberg.org/files/3293/3293-0.txt
INFO:root:Donwloaded book https://www.gutenberg.org/files/1371/1371-0.txt
INFO:root:Donwloaded book https://www.gutenberg.org/files/13514/13514-0.txt
INFO:root:Donwloaded book https://www.gutenberg.org/cache/epub/8519/pg8519.txt
INFO:root:Donwloaded book https://www.gutenberg.org/files/74/74-0.txt
INFO:root:Donwloaded book https://www.gutenberg.org/files/76/76-0.txt
INFO:root:Donwloaded book https://www.gutenberg.org/files/1837/1837-0.txt
INFO:root:Donwloaded book https://www.gutenberg.org/cache/epub/86/pg86.txt
INFO:root:Donwloaded book https://www.gutenberg.org/files/3186/3186-0.txt
INFO:root:Donwloaded book https://www.gutenberg.org/files/3176/3176-0.txt
INFO:root:Donwloaded book https://www.gutenberg.org/files/245/245-0.txt
INFO:root:Donwloaded book https://www.gutenberg.org/cache/epub/3177/pg3177.txt
INFO:root:Donwloaded book https://www.gutenberg.org/files/3186/3186-0.txt
INFO:root:Donwloaded book https://www.gutenberg.org/files/102/102-0.txt
INFO:root:Donwloaded book https://www.gutenberg.org/cache/epub/174/pg174.txt
INFO:root:Donwloaded book https://www.gutenberg.org/files/844/844-0.txt
INFO:root:Donwloaded book https://www.gutenberg.org/cache/epub/902/pg902.txt
INFO:root:Donwloaded book https://www.gutenberg.org/cache/epub/14522/pg14522.txt
INFO:root:Donwloaded book https://www.gutenberg.org/files/885/885-0.txt
INFO:root:Donwloaded book https://www.gutenberg.org/cache/epub/921/pg921.txt
INFO:root:Donwloaded book https://www.gutenberg.org/cache/epub/42704/pg42704.txt
INFO:root:Donwloaded book https://www.gutenberg.org/files/790/790-0.txt
INFO:root:Donwloaded book https://www.gutenberg.org/files/854/854-0.txt
INFO:root:Donwloaded book https://www.gutenberg.org/files/873/873-0.txt
INFO:root:Donwloaded book http://www.gutenberg.org/files/1080/1080-0.txt
INFO:root:Donwloaded book https://www.gutenberg.org/cache/epub/17157/pg17157.txt
INFO:root:Donwloaded book https://www.gutenberg.org/files/4737/4737-0.txt
INFO:root:Donwloaded book https://www.gutenberg.org/files/4738/4738-0.txt
INFO:root:Donwloaded book https://www.gutenberg.org/cache/epub/1090/pg1090.txt
INFO:root:Donwloaded book https://www.gutenberg.org/cache/epub/623/pg623.txt
INFO:root:Donwloaded book https://www.gutenberg.org/files/4208/4208-0.txt
INFO:root:Donwloaded book https://www.gutenberg.org/cache/epub/13040/pg13040.txt
INFO:root:Donwloaded book https://www.gutenberg.org/files/60186/60186-0.txt
INFO:root:Donwloaded book https://www.gutenberg.org/files/61193/61193-0.txt
INFO:root:Donwloaded book https://www.gutenberg.org/files/588/588-0.txt
INFO:root:Donwloaded book https://www.gutenberg.org/files/924/924-0.txt
INFO:root:Donwloaded book https://www.gutenberg.org/files/653/653-0.txt
INFO:root:Donwloaded book https://www.gutenberg.org/cache/epub/1415/pg1415.txt
INFO:root:Donwloaded book https://www.gutenberg.org/files/766/766-0.txt
INFO:root:Donwloaded book https://www.gutenberg.org/files/883/883-0.txt
INFO:root:Donwloaded book https://www.gutenberg.org/cache/epub/1023/pg1023.txt
INFO:root:Donwloaded book https://www.gutenberg.org/cache/epub/19337/pg19337.txt
INFO:root:Donwloaded book https://www.gutenberg.org/files/675/675-0.txt
INFO:root:Donwloaded book https://www.gutenberg.org/cache/epub/41/pg41.txt
INFO:root:Donwloaded book https://www.gutenberg.org/files/60976/60976-0.txt
INFO:root:Donwloaded book https://www.gutenberg.org/files/2048/2048-0.txt
INFO:root:Donwloaded book https://www.gutenberg.org/files/49947/49947-0.txt
INFO:root:Donwloaded book https://www.gutenberg.org/files/52361/52361-0.txt
INFO:root:Donwloaded book https://www.gutenberg.org/cache/epub/13515/pg13515.txt
INFO:root:Donwloaded book https://www.gutenberg.org/files/3293/3293-0.txt
INFO:root:Donwloaded book https://www.gutenberg.org/files/1371/1371-0.txt
INFO:root:Donwloaded book https://www.gutenberg.org/files/13514/13514-0.txt
INFO:root:Donwloaded book https://www.gutenberg.org/cache/epub/8519/pg8519.txt
INFO:root:Donwloaded book https://www.gutenberg.org/files/74/74-0.txt
INFO:root:Donwloaded book https://www.gutenberg.org/files/76/76-0.txt
INFO:root:Donwloaded book https://www.gutenberg.org/files/1837/1837-0.txt
INFO:root:Donwloaded book https://www.gutenberg.org/cache/epub/86/pg86.txt
INFO:root:Donwloaded book https://www.gutenberg.org/files/3186/3186-0.txt
INFO:root:Donwloaded book https://www.gutenberg.org/files/3176/3176-0.txt
INFO:root:Donwloaded book https://www.gutenberg.org/files/245/245-0.txt
INFO:root:Donwloaded book https://www.gutenberg.org/cache/epub/3177/pg3177.txt
INFO:root:Donwloaded book https://www.gutenberg.org/files/3186/3186-0.txt
INFO:root:Donwloaded book https://www.gutenberg.org/files/102/102-0.txt
INFO:root:Donwloaded book https://www.gutenberg.org/cache/epub/174/pg174.txt
INFO:root:Donwloaded book https://www.gutenberg.org/files/844/844-0.txt
INFO:root:Donwloaded book https://www.gutenberg.org/cache/epub/902/pg902.txt
INFO:root:Donwloaded book https://www.gutenberg.org/cache/epub/14522/pg14522.txt
INFO:root:Donwloaded book https://www.gutenberg.org/files/885/885-0.txt
INFO:root:Donwloaded book https://www.gutenberg.org/cache/epub/921/pg921.txt
INFO:root:Donwloaded book https://www.gutenberg.org/cache/epub/42704/pg42704.txt
INFO:root:Donwloaded book https://www.gutenberg.org/files/790/790-0.txt
INFO:root:Donwloaded book https://www.gutenberg.org/files/854/854-0.txt
INFO:root:Donwloaded book https://www.gutenberg.org/files/873/873-0.txt
INFO:root:Donwloaded book http://www.gutenberg.org/files/1080/1080-0.txt
INFO:root:Donwloaded book https://www.gutenberg.org/cache/epub/17157/pg17157.txt
INFO:root:Donwloaded book https://www.gutenberg.org/files/4737/4737-0.txt
INFO:root:Donwloaded book https://www.gutenberg.org/files/4738/4738-0.txt
INFO:root:Donwloaded book https://www.gutenberg.org/cache/epub/1090/pg1090.txt
INFO:root:Donwloaded book https://www.gutenberg.org/cache/epub/623/pg623.txt
INFO:root:Donwloaded book https://www.gutenberg.org/files/4208/4208-0.txt
INFO:root:Donwloaded book https://www.gutenberg.org/cache/epub/13040/pg13040.txt
INFO:root:Donwloaded book https://www.gutenberg.org/files/60186/60186-0.txt
INFO:root:Donwloaded book https://www.gutenberg.org/files/61193/61193-0.txt
INFO:root:Donwloaded book https://www.gutenberg.org/files/588/588-0.txt
INFO:root:Donwloaded book https://www.gutenberg.org/files/924/924-0.txt
INFO:root:Donwloaded book https://www.gutenberg.org/files/653/653-0.txt
INFO:root:Donwloaded book https://www.gutenberg.org/cache/epub/1415/pg1415.txt
INFO:root:Donwloaded book https://www.gutenberg.org/files/766/766-0.txt
INFO:root:Donwloaded book https://www.gutenberg.org/files/883/883-0.txt
INFO:root:Donwloaded book https://www.gutenberg.org/cache/epub/1023/pg1023.txt
INFO:root:Donwloaded book https://www.gutenberg.org/cache/epub/19337/pg19337.txt
INFO:root:Donwloaded book https://www.gutenberg.org/files/675/675-0.txt
INFO:root:Donwloaded book https://www.gutenberg.org/cache/epub/41/pg41.txt
INFO:root:Donwloaded book https://www.gutenberg.org/files/60976/60976-0.txt
INFO:root:Donwloaded book https://www.gutenberg.org/files/2048/2048-0.txt
INFO:root:Donwloaded book https://www.gutenberg.org/files/49947/49947-0.txt
INFO:root:Donwloaded book https://www.gutenberg.org/files/52361/52361-0.txt
INFO:root:Donwloaded book https://www.gutenberg.org/cache/epub/13515/pg13515.txt
INFO:root:Donwloaded book https://www.gutenberg.org/files/3293/3293-0.txt
INFO:root:Donwloaded book https://www.gutenberg.org/files/1371/1371-0.txt
INFO:root:Donwloaded book https://www.gutenberg.org/files/13514/13514-0.txt
INFO:root:Donwloaded book https://www.gutenberg.org/cache/epub/8519/pg8519.txt
INFO:root:Donwloaded book https://www.gutenberg.org/files/74/74-0.txt
INFO:root:Donwloaded book https://www.gutenberg.org/files/76/76-0.txt
INFO:root:Donwloaded book https://www.gutenberg.org/files/1837/1837-0.txt
INFO:root:Donwloaded book https://www.gutenberg.org/cache/epub/86/pg86.txt
INFO:root:Donwloaded book https://www.gutenberg.org/files/3186/3186-0.txt
INFO:root:Donwloaded book https://www.gutenberg.org/files/3176/3176-0.txt
INFO:root:Donwloaded book https://www.gutenberg.org/files/245/245-0.txt
INFO:root:Donwloaded book https://www.gutenberg.org/cache/epub/3177/pg3177.txt
INFO:root:Donwloaded book https://www.gutenberg.org/files/3186/3186-0.txt
INFO:root:Donwloaded book https://www.gutenberg.org/files/102/102-0.txt
INFO:root:Donwloaded book https://www.gutenberg.org/cache/epub/174/pg174.txt
INFO:root:Donwloaded book https://www.gutenberg.org/files/844/844-0.txt
INFO:root:Donwloaded book https://www.gutenberg.org/cache/epub/902/pg902.txt
INFO:root:Donwloaded book https://www.gutenberg.org/cache/epub/14522/pg14522.txt
INFO:root:Donwloaded book https://www.gutenberg.org/files/885/885-0.txt
INFO:root:Donwloaded book https://www.gutenberg.org/cache/epub/921/pg921.txt
INFO:root:Donwloaded book https://www.gutenberg.org/cache/epub/42704/pg42704.txt
INFO:root:Donwloaded book https://www.gutenberg.org/files/790/790-0.txt
INFO:root:Donwloaded book https://www.gutenberg.org/files/854/854-0.txt
INFO:root:Donwloaded book https://www.gutenberg.org/files/873/873-0.txt
INFO:root:Donwloaded book http://www.gutenberg.org/files/1080/1080-0.txt
INFO:root:Donwloaded book https://www.gutenberg.org/cache/epub/17157/pg17157.txt
INFO:root:Donwloaded book https://www.gutenberg.org/files/4737/4737-0.txt
INFO:root:Donwloaded book https://www.gutenberg.org/files/4738/4738-0.txt
INFO:root:Donwloaded book https://www.gutenberg.org/cache/epub/1090/pg1090.txt
INFO:root:Donwloaded book https://www.gutenberg.org/cache/epub/623/pg623.txt
INFO:root:Donwloaded book https://www.gutenberg.org/files/4208/4208-0.txt
INFO:root:Donwloaded book https://www.gutenberg.org/cache/epub/13040/pg13040.txt
INFO:root:Donwloaded book https://www.gutenberg.org/files/60186/60186-0.txt
INFO:root:Donwloaded book https://www.gutenberg.org/files/61193/61193-0.txt
INFO:root:Donwloaded book https://www.gutenberg.org/files/588/588-0.txt
INFO:root:Donwloaded book https://www.gutenberg.org/files/924/924-0.txt
INFO:root:Donwloaded book https://www.gutenberg.org/files/653/653-0.txt
INFO:root:Donwloaded book https://www.gutenberg.org/cache/epub/1415/pg1415.txt
INFO:root:Donwloaded book https://www.gutenberg.org/files/766/766-0.txt
INFO:root:Donwloaded book https://www.gutenberg.org/files/883/883-0.txt
INFO:root:Donwloaded book https://www.gutenberg.org/cache/epub/1023/pg1023.txt
INFO:root:Donwloaded book https://www.gutenberg.org/cache/epub/19337/pg19337.txt
INFO:root:Donwloaded book https://www.gutenberg.org/files/675/675-0.txt
INFO:root:Donwloaded book https://www.gutenberg.org/cache/epub/41/pg41.txt
INFO:root:Donwloaded book https://www.gutenberg.org/files/60976/60976-0.txt
INFO:root:Donwloaded book https://www.gutenberg.org/files/2048/2048-0.txt
INFO:root:Donwloaded book https://www.gutenberg.org/files/49947/49947-0.txt
INFO:root:Donwloaded book https://www.gutenberg.org/files/52361/52361-0.txt
INFO:root:Donwloaded book https://www.gutenberg.org/cache/epub/13515/pg13515.txt
INFO:root:Donwloaded book https://www.gutenberg.org/files/3293/3293-0.txt
INFO:root:Donwloaded book https://www.gutenberg.org/files/1371/1371-0.txt
INFO:root:Donwloaded book https://www.gutenberg.org/files/13514/13514-0.txt
INFO:root:Donwloaded book https://www.gutenberg.org/cache/epub/8519/pg8519.txt
INFO:root:Donwloaded book https://www.gutenberg.org/files/74/74-0.txt
INFO:root:Donwloaded book https://www.gutenberg.org/files/76/76-0.txt
INFO:root:Donwloaded book https://www.gutenberg.org/files/1837/1837-0.txt
INFO:root:Donwloaded book https://www.gutenberg.org/cache/epub/86/pg86.txt
INFO:root:Donwloaded book https://www.gutenberg.org/files/3186/3186-0.txt
INFO:root:Donwloaded book https://www.gutenberg.org/files/3176/3176-0.txt
INFO:root:Donwloaded book https://www.gutenberg.org/files/245/245-0.txt
INFO:root:Donwloaded book https://www.gutenberg.org/cache/epub/3177/pg3177.txt
INFO:root:Donwloaded book https://www.gutenberg.org/files/3186/3186-0.txt
INFO:root:Donwloaded book https://www.gutenberg.org/files/102/102-0.txt
INFO:root:Donwloaded book https://www.gutenberg.org/cache/epub/174/pg174.txt
INFO:root:Donwloaded book https://www.gutenberg.org/files/844/844-0.txt
INFO:root:Donwloaded book https://www.gutenberg.org/cache/epub/902/pg902.txt
INFO:root:Donwloaded book https://www.gutenberg.org/cache/epub/14522/pg14522.txt
INFO:root:Donwloaded book https://www.gutenberg.org/files/885/885-0.txt
INFO:root:Donwloaded book https://www.gutenberg.org/cache/epub/921/pg921.txt
INFO:root:Donwloaded book https://www.gutenberg.org/cache/epub/42704/pg42704.txt
INFO:root:Donwloaded book https://www.gutenberg.org/files/790/790-0.txt
INFO:root:Donwloaded book https://www.gutenberg.org/files/854/854-0.txt
INFO:root:Donwloaded book https://www.gutenberg.org/files/873/873-0.txt
INFO:root:Donwloaded book http://www.gutenberg.org/files/1080/1080-0.txt
INFO:root:Donwloaded book https://www.gutenberg.org/cache/epub/17157/pg17157.txt
INFO:root:Donwloaded book https://www.gutenberg.org/files/4737/4737-0.txt
INFO:root:Donwloaded book https://www.gutenberg.org/files/4738/4738-0.txt
INFO:root:Donwloaded book https://www.gutenberg.org/cache/epub/1090/pg1090.txt
INFO:root:Donwloaded book https://www.gutenberg.org/cache/epub/623/pg623.txt
INFO:root:Donwloaded book https://www.gutenberg.org/files/4208/4208-0.txt
INFO:root:Donwloaded book https://www.gutenberg.org/cache/epub/13040/pg13040.txt
INFO:root:Donwloaded book https://www.gutenberg.org/files/60186/60186-0.txt
INFO:root:Donwloaded book https://www.gutenberg.org/files/61193/61193-0.txt
INFO:root:Donwloaded book https://www.gutenberg.org/files/588/588-0.txt
INFO:root:Donwloaded book https://www.gutenberg.org/files/924/924-0.txt
INFO:root:Donwloaded book https://www.gutenberg.org/files/653/653-0.txt
INFO:root:Donwloaded book https://www.gutenberg.org/cache/epub/1415/pg1415.txt
INFO:root:Donwloaded book https://www.gutenberg.org/files/766/766-0.txt
INFO:root:Donwloaded book https://www.gutenberg.org/files/883/883-0.txt
INFO:root:Donwloaded book https://www.gutenberg.org/cache/epub/1023/pg1023.txt
INFO:root:Donwloaded book https://www.gutenberg.org/cache/epub/19337/pg19337.txt
INFO:root:Donwloaded book https://www.gutenberg.org/files/675/675-0.txt
INFO:root:Donwloaded book https://www.gutenberg.org/cache/epub/41/pg41.txt
INFO:root:Donwloaded book https://www.gutenberg.org/files/60976/60976-0.txt
INFO:root:Donwloaded book https://www.gutenberg.org/files/2048/2048-0.txt
INFO:root:Donwloaded book https://www.gutenberg.org/files/49947/49947-0.txt
INFO:root:Donwloaded book https://www.gutenberg.org/files/52361/52361-0.txt
INFO:root:Donwloaded book https://www.gutenberg.org/cache/epub/13515/pg13515.txt
INFO:root:Donwloaded book https://www.gutenberg.org/files/3293/3293-0.txt
INFO:root:Donwloaded book https://www.gutenberg.org/files/1371/1371-0.txt
INFO:root:Donwloaded book https://www.gutenberg.org/files/13514/13514-0.txt
INFO:root:Donwloaded book https://www.gutenberg.org/cache/epub/8519/pg8519.txt
INFO:root:Donwloaded book https://www.gutenberg.org/files/74/74-0.txt
INFO:root:Donwloaded book https://www.gutenberg.org/files/76/76-0.txt
INFO:root:Donwloaded book https://www.gutenberg.org/files/1837/1837-0.txt
INFO:root:Donwloaded book https://www.gutenberg.org/cache/epub/86/pg86.txt
INFO:root:Donwloaded book https://www.gutenberg.org/files/3186/3186-0.txt
INFO:root:Donwloaded book https://www.gutenberg.org/files/3176/3176-0.txt
INFO:root:Donwloaded book https://www.gutenberg.org/files/245/245-0.txt
INFO:root:Donwloaded book https://www.gutenberg.org/cache/epub/3177/pg3177.txt
INFO:root:Donwloaded book https://www.gutenberg.org/files/3186/3186-0.txt
INFO:root:Donwloaded book https://www.gutenberg.org/files/102/102-0.txt
INFO:root:Donwloaded book https://www.gutenberg.org/cache/epub/174/pg174.txt
INFO:root:Donwloaded book https://www.gutenberg.org/files/844/844-0.txt
INFO:root:Donwloaded book https://www.gutenberg.org/cache/epub/902/pg902.txt
INFO:root:Donwloaded book https://www.gutenberg.org/cache/epub/14522/pg14522.txt
INFO:root:Donwloaded book https://www.gutenberg.org/files/885/885-0.txt
INFO:root:Donwloaded book https://www.gutenberg.org/cache/epub/921/pg921.txt
INFO:root:Donwloaded book https://www.gutenberg.org/cache/epub/42704/pg42704.txt
INFO:root:Donwloaded book https://www.gutenberg.org/files/790/790-0.txt
INFO:root:Donwloaded book https://www.gutenberg.org/files/854/854-0.txt
INFO:root:Donwloaded book https://www.gutenberg.org/files/873/873-0.txt
INFO:root:Donwloaded book http://www.gutenberg.org/files/1080/1080-0.txt
INFO:root:Donwloaded book https://www.gutenberg.org/cache/epub/17157/pg17157.txt
INFO:root:Donwloaded book https://www.gutenberg.org/files/4737/4737-0.txt
INFO:root:Donwloaded book https://www.gutenberg.org/files/4738/4738-0.txt
INFO:root:Donwloaded book https://www.gutenberg.org/cache/epub/1090/pg1090.txt
INFO:root:Donwloaded book https://www.gutenberg.org/cache/epub/623/pg623.txt
INFO:root:Donwloaded book https://www.gutenberg.org/files/4208/4208-0.txt
INFO:root:Donwloaded book https://www.gutenberg.org/cache/epub/13040/pg13040.txt
INFO:root:Donwloaded book https://www.gutenberg.org/files/60186/60186-0.txt
INFO:root:Donwloaded book https://www.gutenberg.org/files/61193/61193-0.txt
INFO:root:Donwloaded book https://www.gutenberg.org/files/588/588-0.txt
INFO:root:Donwloaded book https://www.gutenberg.org/files/924/924-0.txt
INFO:root:Donwloaded book https://www.gutenberg.org/files/653/653-0.txt
INFO:root:Donwloaded book https://www.gutenberg.org/cache/epub/1415/pg1415.txt
INFO:root:Donwloaded book https://www.gutenberg.org/files/766/766-0.txt
INFO:root:Donwloaded book https://www.gutenberg.org/files/883/883-0.txt
INFO:root:Donwloaded book https://www.gutenberg.org/cache/epub/1023/pg1023.txt
INFO:root:Donwloaded book https://www.gutenberg.org/cache/epub/19337/pg19337.txt
INFO:root:Donwloaded book https://www.gutenberg.org/files/675/675-0.txt
INFO:root:Donwloaded book https://www.gutenberg.org/cache/epub/41/pg41.txt
INFO:root:Donwloaded book https://www.gutenberg.org/files/60976/60976-0.txt
INFO:root:Donwloaded book https://www.gutenberg.org/files/2048/2048-0.txt
INFO:root:Donwloaded book https://www.gutenberg.org/files/49947/49947-0.txt
INFO:root:Donwloaded book https://www.gutenberg.org/files/52361/52361-0.txt
INFO:root:Donwloaded book https://www.gutenberg.org/cache/epub/13515/pg13515.txt
INFO:root:Donwloaded book https://www.gutenberg.org/files/3293/3293-0.txt
INFO:root:Donwloaded book https://www.gutenberg.org/files/1371/1371-0.txt
INFO:root:Donwloaded book https://www.gutenberg.org/files/13514/13514-0.txt
INFO:root:Donwloaded book https://www.gutenberg.org/cache/epub/8519/pg8519.txt
INFO:root:Donwloaded book https://www.gutenberg.org/files/74/74-0.txt
INFO:root:Donwloaded book https://www.gutenberg.org/files/76/76-0.txt
INFO:root:Donwloaded book https://www.gutenberg.org/files/1837/1837-0.txt
INFO:root:Donwloaded book https://www.gutenberg.org/cache/epub/86/pg86.txt
INFO:root:Donwloaded book https://www.gutenberg.org/files/3186/3186-0.txt
INFO:root:Donwloaded book https://www.gutenberg.org/files/3176/3176-0.txt
INFO:root:Donwloaded book https://www.gutenberg.org/files/245/245-0.txt
INFO:root:Donwloaded book https://www.gutenberg.org/cache/epub/3177/pg3177.txt
INFO:root:Donwloaded book https://www.gutenberg.org/files/3186/3186-0.txt
INFO:root:Donwloaded book https://www.gutenberg.org/files/102/102-0.txt
INFO:root:Donwloaded book https://www.gutenberg.org/cache/epub/174/pg174.txt
INFO:root:Donwloaded book https://www.gutenberg.org/files/844/844-0.txt
INFO:root:Donwloaded book https://www.gutenberg.org/cache/epub/902/pg902.txt
INFO:root:Donwloaded book https://www.gutenberg.org/cache/epub/14522/pg14522.txt
INFO:root:Donwloaded book https://www.gutenberg.org/files/885/885-0.txt
INFO:root:Donwloaded book https://www.gutenberg.org/cache/epub/921/pg921.txt
INFO:root:Donwloaded book https://www.gutenberg.org/cache/epub/42704/pg42704.txt
INFO:root:Donwloaded book https://www.gutenberg.org/files/790/790-0.txt
INFO:root:Donwloaded book https://www.gutenberg.org/files/854/854-0.txt
INFO:root:Donwloaded book https://www.gutenberg.org/files/873/873-0.txt
INFO:root:Donwloaded book http://www.gutenberg.org/files/1080/1080-0.txt
INFO:root:Donwloaded book https://www.gutenberg.org/cache/epub/17157/pg17157.txt
INFO:root:Donwloaded book https://www.gutenberg.org/files/4737/4737-0.txt
INFO:root:Donwloaded book https://www.gutenberg.org/files/4738/4738-0.txt
INFO:root:Donwloaded book https://www.gutenberg.org/cache/epub/1090/pg1090.txt
INFO:root:Donwloaded book https://www.gutenberg.org/cache/epub/623/pg623.txt
INFO:root:Donwloaded book https://www.gutenberg.org/files/4208/4208-0.txt
INFO:root:Donwloaded book https://www.gutenberg.org/cache/epub/13040/pg13040.txt
INFO:root:Donwloaded book https://www.gutenberg.org/files/60186/60186-0.txt
INFO:root:Donwloaded book https://www.gutenberg.org/files/61193/61193-0.txt
INFO:root:Donwloaded book https://www.gutenberg.org/files/588/588-0.txt
INFO:root:Donwloaded book https://www.gutenberg.org/files/924/924-0.txt
INFO:root:Donwloaded book https://www.gutenberg.org/files/653/653-0.txt
INFO:root:Donwloaded book https://www.gutenberg.org/cache/epub/1415/pg1415.txt
INFO:root:Donwloaded book https://www.gutenberg.org/files/766/766-0.txt
INFO:root:Donwloaded book https://www.gutenberg.org/files/883/883-0.txt
INFO:root:Donwloaded book https://www.gutenberg.org/cache/epub/1023/pg1023.txt
INFO:root:Donwloaded book https://www.gutenberg.org/cache/epub/19337/pg19337.txt
INFO:root:Donwloaded book https://www.gutenberg.org/files/675/675-0.txt
INFO:root:Donwloaded book https://www.gutenberg.org/cache/epub/41/pg41.txt
INFO:root:Donwloaded book https://www.gutenberg.org/files/60976/60976-0.txt
INFO:root:Donwloaded book https://www.gutenberg.org/files/2048/2048-0.txt
INFO:root:Donwloaded book https://www.gutenberg.org/files/49947/49947-0.txt
INFO:root:Donwloaded book https://www.gutenberg.org/files/52361/52361-0.txt
INFO:root:Donwloaded book https://www.gutenberg.org/cache/epub/13515/pg13515.txt
INFO:root:Donwloaded book https://www.gutenberg.org/files/3293/3293-0.txt
INFO:root:Donwloaded book https://www.gutenberg.org/files/1371/1371-0.txt
INFO:root:Donwloaded book https://www.gutenberg.org/files/13514/13514-0.txt
INFO:root:Donwloaded book https://www.gutenberg.org/cache/epub/8519/pg8519.txt
INFO:root:Donwloaded book https://www.gutenberg.org/files/74/74-0.txt
INFO:root:Donwloaded book https://www.gutenberg.org/files/76/76-0.txt
INFO:root:Donwloaded book https://www.gutenberg.org/files/1837/1837-0.txt
INFO:root:Donwloaded book https://www.gutenberg.org/cache/epub/86/pg86.txt
INFO:root:Donwloaded book https://www.gutenberg.org/files/3186/3186-0.txt
INFO:root:Donwloaded book https://www.gutenberg.org/files/3176/3176-0.txt
INFO:root:Donwloaded book https://www.gutenberg.org/files/245/245-0.txt
INFO:root:Donwloaded book https://www.gutenberg.org/cache/epub/3177/pg3177.txt
INFO:root:Donwloaded book https://www.gutenberg.org/files/3186/3186-0.txt
INFO:root:Donwloaded book https://www.gutenberg.org/files/102/102-0.txt
INFO:root:Donwloaded book https://www.gutenberg.org/cache/epub/174/pg174.txt
INFO:root:Donwloaded book https://www.gutenberg.org/files/844/844-0.txt
INFO:root:Donwloaded book https://www.gutenberg.org/cache/epub/902/pg902.txt
INFO:root:Donwloaded book https://www.gutenberg.org/cache/epub/14522/pg14522.txt
INFO:root:Donwloaded book https://www.gutenberg.org/files/885/885-0.txt
INFO:root:Donwloaded book https://www.gutenberg.org/cache/epub/921/pg921.txt
INFO:root:Donwloaded book https://www.gutenberg.org/cache/epub/42704/pg42704.txt
INFO:root:Donwloaded book https://www.gutenberg.org/files/790/790-0.txt
INFO:root:Donwloaded book https://www.gutenberg.org/files/854/854-0.txt
INFO:root:Donwloaded book https://www.gutenberg.org/files/873/873-0.txt
INFO:root:Donwloaded book https://www.gutenberg.org/files/1661/1661-0.txt
INFO:root:Donwloaded book https://www.gutenberg.org/cache/epub/244/pg244.txt
INFO:root:Donwloaded book https://www.gutenberg.org/cache/epub/139/pg139.txt
INFO:root:Donwloaded book https://www.gutenberg.org/files/2852/2852-0.txt
INFO:root:Donwloaded book https://www.gutenberg.org/cache/epub/834/pg834.txt
INFO:root:Donwloaded book https://www.gutenberg.org/cache/epub/108/pg108.txt
INFO:root:Donwloaded book https://www.gutenberg.org/files/3289/3289-0.txt
INFO:root:Donwloaded book https://www.gutenberg.org/cache/epub/537/pg537.txt
INFO:root:Donwloaded book https://www.gutenberg.org/files/903/903-0.txt
INFO:root:Donwloaded book https://www.gutenberg.org/files/3069/3069-0.txt
